Determining if the pthread_create exist failed with the following output:
Change Dir: /shared/foss/MessyCurves/build/CMakeFiles/CMakeTmp

Run Build Command:"/usr/bin/make" "cmTC_472f3/fast"
/usr/bin/make -f CMakeFiles/cmTC_472f3.dir/build.make CMakeFiles/cmTC_472f3.dir/build
make[1]: Entering directory '/mnt/shared/v18/foss/MessyCurves/build/CMakeFiles/CMakeTmp'
Building C object CMakeFiles/cmTC_472f3.dir/CheckSymbolExists.c.o
/usr/bin/cc   -fPIC    -o CMakeFiles/cmTC_472f3.dir/CheckSymbolExists.c.o   -c /shared/foss/MessyCurves/build/CMakeFiles/CMakeTmp/CheckSymbolExists.c
Linking C executable cmTC_472f3
/usr/local/bin/cmake -E cmake_link_script CMakeFiles/cmTC_472f3.dir/link.txt --verbose=1
/usr/bin/cc -fPIC     -rdynamic CMakeFiles/cmTC_472f3.dir/CheckSymbolExists.c.o  -o cmTC_472f3 
CMakeFiles/cmTC_472f3.dir/CheckSymbolExists.c.o: In function `main':
CheckSymbolExists.c:(.text+0x1b): undefined reference to `pthread_create'
collect2: error: ld returned 1 exit status
CMakeFiles/cmTC_472f3.dir/build.make:86: recipe for target 'cmTC_472f3' failed
make[1]: *** [cmTC_472f3] Error 1
make[1]: Leaving directory '/mnt/shared/v18/foss/MessyCurves/build/CMakeFiles/CMakeTmp'
Makefile:121: recipe for target 'cmTC_472f3/fast' failed
make: *** [cmTC_472f3/fast] Error 2

File /shared/foss/MessyCurves/build/CMakeFiles/CMakeTmp/CheckSymbolExists.c:
/* */
#include <pthread.h>

int main(int argc, char** argv)
{
  (void)argv;
#ifndef pthread_create
  return ((int*)(&pthread_create))[argc];
#else
  (void)argc;
  return 0;
#endif
}

Determining if the function pthread_create exists in the pthreads failed with the following output:
Change Dir: /shared/foss/MessyCurves/build/CMakeFiles/CMakeTmp

Run Build Command:"/usr/bin/make" "cmTC_202ef/fast"
/usr/bin/make -f CMakeFiles/cmTC_202ef.dir/build.make CMakeFiles/cmTC_202ef.dir/build
make[1]: Entering directory '/mnt/shared/v18/foss/MessyCurves/build/CMakeFiles/CMakeTmp'
Building C object CMakeFiles/cmTC_202ef.dir/CheckFunctionExists.c.o
/usr/bin/cc   -fPIC -DCHECK_FUNCTION_EXISTS=pthread_create   -o CMakeFiles/cmTC_202ef.dir/CheckFunctionExists.c.o   -c /usr/local/share/cmake-3.12/Modules/CheckFunctionExists.c
Linking C executable cmTC_202ef
/usr/local/bin/cmake -E cmake_link_script CMakeFiles/cmTC_202ef.dir/link.txt --verbose=1
/usr/bin/cc -fPIC -DCHECK_FUNCTION_EXISTS=pthread_create    -rdynamic CMakeFiles/cmTC_202ef.dir/CheckFunctionExists.c.o  -o cmTC_202ef -lpthreads 
/usr/bin/ld: cannot find -lpthreads
collect2: error: ld returned 1 exit status
CMakeFiles/cmTC_202ef.dir/build.make:86: recipe for target 'cmTC_202ef' failed
make[1]: *** [cmTC_202ef] Error 1
make[1]: Leaving directory '/mnt/shared/v18/foss/MessyCurves/build/CMakeFiles/CMakeTmp'
Makefile:121: recipe for target 'cmTC_202ef/fast' failed
make: *** [cmTC_202ef/fast] Error 2


